<?xml version="1.0" encoding="UTF-8"?>
<!-- Generated by org.testng.reporters.JUnitReportReporter -->
<testsuite hostname="DESKTOP-3OR8M0T" name="Project.HomePageTest" tests="1" failures="0" timestamp="8 Apr 2019 14:22:56 GMT" time="10.049" errors="0">
  <testcase name="basePageNavigation" time="10.049" classname="Project.HomePageTest"/>
</testsuite> <!-- Project.HomePageTest -->
